<?xml version="1.0" encoding="UTF-8"?>
<!-- Generated by org.testng.reporters.JUnitXMLReporter -->
<testsuite ignored="0" hostname="DESKTOP-IG4AEFV" failures="0" tests="3" name="Test2" time="87.283" errors="0" timestamp="2023-07-17T11:52:49 IST">
  <testcase classname="Tetsnglearn.LoadSite" name="SerchproductTextBox" time="1.687"/>
  <testcase classname="Tetsnglearn.LoadSite" name="SerchproductTextBox" time="8.476"/>
  <testcase classname="Tetsnglearn.LoadSite" name="SerchproductTextBox" time="0.0">
    <skipped/>
  </testcase> <!-- SerchproductTextBox -->
</testsuite> <!-- Test2 -->
