<?xml version="1.0" encoding="UTF-8"?>
<!-- Generated by org.testng.reporters.JUnitXMLReporter -->
<testsuite ignored="0" hostname="DESKTOP-IG4AEFV" failures="0" tests="3" name="Test2" time="46.244" errors="0" timestamp="2023-07-10T12:10:20 IST">
  <testcase classname="Tetsnglearn.LoadSite" name="SerchproductTextBox" time="2.016"/>
  <testcase classname="Tetsnglearn.LoadSite" name="SerchproductTextBox" time="10.55"/>
  <testcase classname="Tetsnglearn.LoadSite" name="SerchproductTextBox" time="0.0">
    <skipped/>
  </testcase> <!-- SerchproductTextBox -->
</testsuite> <!-- Test2 -->
